# Config sweep  device=NVIDIA H100 NVL
# torch=2.5.1+cu121  2026-05-29 20:36:00

=== dense          N=512 ===
  BM= 64 BN= 32 warps=4 stages=3  0.0607 ms *
  BM= 64 BN= 32 warps=4 stages=4  0.0593 ms *
  BM= 64 BN= 64 warps=4 stages=3  0.0600 ms
  BM= 64 BN= 64 warps=8 stages=2  0.0589 ms *
  BM= 64 BN=128 warps=4 stages=2  0.0598 ms
  BM= 64 BN=128 warps=8 stages=2  0.0602 ms
  BM=128 BN= 32 warps=4 stages=4  0.0589 ms
  BM=128 BN= 32 warps=8 stages=3  0.0589 ms
  BM=128 BN= 64 warps=4 stages=3  0.0605 ms
  BM=128 BN= 64 warps=8 stages=2  0.0599 ms
  BM=128 BN=128 warps=4 stages=2  0.0597 ms
  BM=128 BN=128 warps=8 stages=2  0.0599 ms
  BM=256 BN= 32 warps=8 stages=2  0.0595 ms
  BM=256 BN= 64 warps=8 stages=2  0.0594 ms
  BM=256 BN= 64 warps=4 stages=2  0.0589 ms

=== dense          N=1024 ===
  BM= 64 BN= 32 warps=4 stages=3  0.0645 ms *
  BM= 64 BN= 32 warps=4 stages=4  0.0645 ms
  BM= 64 BN= 64 warps=4 stages=3  0.0645 ms
  BM= 64 BN= 64 warps=8 stages=2  0.0645 ms
  BM= 64 BN=128 warps=4 stages=2  0.0644 ms *
  BM= 64 BN=128 warps=8 stages=2  0.0645 ms
  BM=128 BN= 32 warps=4 stages=4  0.0644 ms
  BM=128 BN= 32 warps=8 stages=3  0.0645 ms
  BM=128 BN= 64 warps=4 stages=3  0.0645 ms
  BM=128 BN= 64 warps=8 stages=2  0.0645 ms
  BM=128 BN=128 warps=4 stages=2  0.0645 ms
  BM=128 BN=128 warps=8 stages=2  0.0645 ms
  BM=256 BN= 32 warps=8 stages=2  0.0645 ms
  BM=256 BN= 64 warps=8 stages=2  0.0644 ms
  BM=256 BN= 64 warps=4 stages=2  0.0644 ms

=== dense          N=2048 ===
  BM= 64 BN= 32 warps=4 stages=3  0.2376 ms *
  BM= 64 BN= 32 warps=4 stages=4  0.2376 ms
  BM= 64 BN= 64 warps=4 stages=3  0.2377 ms
  BM= 64 BN= 64 warps=8 stages=2  0.2377 ms
  BM= 64 BN=128 warps=4 stages=2  0.2376 ms *
  BM= 64 BN=128 warps=8 stages=2  0.2376 ms
  BM=128 BN= 32 warps=4 stages=4  0.2376 ms
  BM=128 BN= 32 warps=8 stages=3  0.2376 ms
  BM=128 BN= 64 warps=4 stages=3  0.2376 ms
  BM=128 BN= 64 warps=8 stages=2  0.2375 ms *
  BM=128 BN=128 warps=4 stages=2  0.2375 ms *
  BM=128 BN=128 warps=8 stages=2  0.2376 ms
  BM=256 BN= 32 warps=8 stages=2  0.2375 ms
  BM=256 BN= 64 warps=8 stages=2  0.2376 ms
  BM=256 BN= 64 warps=4 stages=2  0.2376 ms

=== dense          N=4096 ===
  BM= 64 BN= 32 warps=4 stages=3  0.9014 ms *
  BM= 64 BN= 32 warps=4 stages=4  0.9258 ms
  BM= 64 BN= 64 warps=4 stages=3  0.9134 ms
  BM= 64 BN= 64 warps=8 stages=2  0.9320 ms
  BM= 64 BN=128 warps=4 stages=2  0.9318 ms
  BM= 64 BN=128 warps=8 stages=2  0.9158 ms
  BM=128 BN= 32 warps=4 stages=4  0.9160 ms
  BM=128 BN= 32 warps=8 stages=3  0.9316 ms
  BM=128 BN= 64 warps=4 stages=3  0.9316 ms
  BM=128 BN= 64 warps=8 stages=2  0.9162 ms
  BM=128 BN=128 warps=4 stages=2  0.9229 ms
  BM=128 BN=128 warps=8 stages=2  0.9313 ms
  BM=256 BN= 32 warps=8 stages=2  0.9318 ms
  BM=256 BN= 64 warps=8 stages=2  0.9324 ms
  BM=256 BN= 64 warps=4 stages=2  0.9129 ms

=== causal         N=512 ===
  BM= 64 BN= 32 warps=4 stages=3  0.0610 ms *
  BM= 64 BN= 32 warps=4 stages=4  0.0611 ms
  BM= 64 BN= 64 warps=4 stages=3  0.0603 ms *
  BM= 64 BN= 64 warps=8 stages=2  0.0597 ms *
  BM= 64 BN=128 warps=4 stages=2  0.0599 ms
  BM= 64 BN=128 warps=8 stages=2  0.0605 ms
  BM=128 BN= 32 warps=4 stages=4  0.0603 ms
  BM=128 BN= 32 warps=8 stages=3  0.0611 ms
  BM=128 BN= 64 warps=4 stages=3  0.0601 ms
  BM=128 BN= 64 warps=8 stages=2  0.0605 ms
  BM=128 BN=128 warps=4 stages=2  0.0602 ms
  BM=128 BN=128 warps=8 stages=2  0.0608 ms
  BM=256 BN= 32 warps=8 stages=2  0.0594 ms *
  BM=256 BN= 64 warps=8 stages=2  0.0610 ms
  BM=256 BN= 64 warps=4 stages=2  0.0603 ms

=== causal         N=1024 ===
  BM= 64 BN= 32 warps=4 stages=3  0.0844 ms *
  BM= 64 BN= 32 warps=4 stages=4  0.0844 ms
  BM= 64 BN= 64 warps=4 stages=3  0.0844 ms *
  BM= 64 BN= 64 warps=8 stages=2  0.0844 ms
  BM= 64 BN=128 warps=4 stages=2  0.0847 ms
  BM= 64 BN=128 warps=8 stages=2  0.0847 ms
  BM=128 BN= 32 warps=4 stages=4  0.0847 ms
  BM=128 BN= 32 warps=8 stages=3  0.0846 ms
  BM=128 BN= 64 warps=4 stages=3  0.0847 ms
  BM=128 BN= 64 warps=8 stages=2  0.0846 ms
  BM=128 BN=128 warps=4 stages=2  0.0848 ms
  BM=128 BN=128 warps=8 stages=2  0.0847 ms
  BM=256 BN= 32 warps=8 stages=2  0.0847 ms
  BM=256 BN= 64 warps=8 stages=2  0.0848 ms
  BM=256 BN= 64 warps=4 stages=2  0.0846 ms

=== causal         N=2048 ===
  BM= 64 BN= 32 warps=4 stages=3  0.2431 ms *
  BM= 64 BN= 32 warps=4 stages=4  0.2422 ms *
  BM= 64 BN= 64 warps=4 stages=3  0.2432 ms
  BM= 64 BN= 64 warps=8 stages=2  0.2430 ms
  BM= 64 BN=128 warps=4 stages=2  0.2423 ms
  BM= 64 BN=128 warps=8 stages=2  0.2427 ms
  BM=128 BN= 32 warps=4 stages=4  0.2423 ms
  BM=128 BN= 32 warps=8 stages=3  0.2426 ms
  BM=128 BN= 64 warps=4 stages=3  0.2423 ms
  BM=128 BN= 64 warps=8 stages=2  0.2424 ms
  BM=128 BN=128 warps=4 stages=2  0.2422 ms
  BM=128 BN=128 warps=8 stages=2  0.2428 ms
  BM=256 BN= 32 warps=8 stages=2  0.2426 ms
  BM=256 BN= 64 warps=8 stages=2  0.2428 ms
  BM=256 BN= 64 warps=4 stages=2  0.2419 ms *

=== causal         N=4096 ===
  BM= 64 BN= 32 warps=4 stages=3  0.7821 ms *
  BM= 64 BN= 32 warps=4 stages=4  0.7807 ms *
  BM= 64 BN= 64 warps=4 stages=3  0.7785 ms *
  BM= 64 BN= 64 warps=8 stages=2  0.7814 ms
  BM= 64 BN=128 warps=4 stages=2  0.7799 ms
  BM= 64 BN=128 warps=8 stages=2  0.7809 ms
  BM=128 BN= 32 warps=4 stages=4  0.7792 ms
  BM=128 BN= 32 warps=8 stages=3  0.7807 ms
  BM=128 BN= 64 warps=4 stages=3  0.7802 ms
  BM=128 BN= 64 warps=8 stages=2  0.7796 ms
  BM=128 BN=128 warps=4 stages=2  0.7791 ms
  BM=128 BN=128 warps=8 stages=2  0.7783 ms *
  BM=256 BN= 32 warps=8 stages=2  0.7792 ms
  BM=256 BN= 64 warps=8 stages=2  0.7801 ms
  BM=256 BN= 64 warps=4 stages=2  0.7781 ms *

=== sw_w256        N=512 ===
  BM= 64 BN= 32 warps=4 stages=3  0.0601 ms *
  BM= 64 BN= 32 warps=4 stages=4  0.0591 ms *
  BM= 64 BN= 64 warps=4 stages=3  0.0593 ms
  BM= 64 BN= 64 warps=8 stages=2  0.0595 ms
  BM= 64 BN=128 warps=4 stages=2  0.0595 ms
  BM= 64 BN=128 warps=8 stages=2  0.0592 ms
  BM=128 BN= 32 warps=4 stages=4  0.0603 ms
  BM=128 BN= 32 warps=8 stages=3  0.0597 ms
  BM=128 BN= 64 warps=4 stages=3  0.0599 ms
  BM=128 BN= 64 warps=8 stages=2  0.0603 ms
  BM=128 BN=128 warps=4 stages=2  0.0600 ms
  BM=128 BN=128 warps=8 stages=2  0.0600 ms
  BM=256 BN= 32 warps=8 stages=2  0.0596 ms
  BM=256 BN= 64 warps=8 stages=2  0.0598 ms
  BM=256 BN= 64 warps=4 stages=2  0.0604 ms

=== sw_w256        N=1024 ===
  BM= 64 BN= 32 warps=4 stages=3  0.0737 ms *
  BM= 64 BN= 32 warps=4 stages=4  0.0737 ms
  BM= 64 BN= 64 warps=4 stages=3  0.0737 ms
  BM= 64 BN= 64 warps=8 stages=2  0.0737 ms
  BM= 64 BN=128 warps=4 stages=2  0.0737 ms *
  BM= 64 BN=128 warps=8 stages=2  0.0737 ms
  BM=128 BN= 32 warps=4 stages=4  0.0736 ms *
  BM=128 BN= 32 warps=8 stages=3  0.0736 ms *
  BM=128 BN= 64 warps=4 stages=3  0.0736 ms
  BM=128 BN= 64 warps=8 stages=2  0.0736 ms
  BM=128 BN=128 warps=4 stages=2  0.0739 ms
  BM=128 BN=128 warps=8 stages=2  0.0739 ms
  BM=256 BN= 32 warps=8 stages=2  0.0737 ms
  BM=256 BN= 64 warps=8 stages=2  0.0736 ms
  BM=256 BN= 64 warps=4 stages=2  0.0738 ms

=== sw_w256        N=2048 ===
  BM= 64 BN= 32 warps=4 stages=3  0.1240 ms *
  BM= 64 BN= 32 warps=4 stages=4  0.1240 ms
  BM= 64 BN= 64 warps=4 stages=3  0.1240 ms *
  BM= 64 BN= 64 warps=8 stages=2  0.1240 ms
  BM= 64 BN=128 warps=4 stages=2  0.1239 ms *
  BM= 64 BN=128 warps=8 stages=2  0.1238 ms *
  BM=128 BN= 32 warps=4 stages=4  0.1242 ms
  BM=128 BN= 32 warps=8 stages=3  0.1240 ms
  BM=128 BN= 64 warps=4 stages=3  0.1241 ms
  BM=128 BN= 64 warps=8 stages=2  0.1239 ms
  BM=128 BN=128 warps=4 stages=2  0.1242 ms
  BM=128 BN=128 warps=8 stages=2  0.1239 ms
  BM=256 BN= 32 warps=8 stages=2  0.1240 ms
  BM=256 BN= 64 warps=8 stages=2  0.1241 ms
  BM=256 BN= 64 warps=4 stages=2  0.1241 ms

=== sw_w256        N=4096 ===
  BM= 64 BN= 32 warps=4 stages=3  0.2415 ms *
  BM= 64 BN= 32 warps=4 stages=4  0.2414 ms *
  BM= 64 BN= 64 warps=4 stages=3  0.2411 ms *
  BM= 64 BN= 64 warps=8 stages=2  0.2413 ms
  BM= 64 BN=128 warps=4 stages=2  0.2414 ms
  BM= 64 BN=128 warps=8 stages=2  0.2412 ms
  BM=128 BN= 32 warps=4 stages=4  0.2413 ms
  BM=128 BN= 32 warps=8 stages=3  0.2412 ms
  BM=128 BN= 64 warps=4 stages=3  0.2413 ms
  BM=128 BN= 64 warps=8 stages=2  0.2414 ms
  BM=128 BN=128 warps=4 stages=2  0.2412 ms
  BM=128 BN=128 warps=8 stages=2  0.2413 ms
  BM=256 BN= 32 warps=8 stages=2  0.2415 ms
  BM=256 BN= 64 warps=8 stages=2  0.2417 ms
  BM=256 BN= 64 warps=4 stages=2  0.2413 ms

=== causal_alibi   N=512 ===
  BM= 64 BN= 32 warps=4 stages=3  0.0611 ms *
  BM= 64 BN= 32 warps=4 stages=4  0.0598 ms *
  BM= 64 BN= 64 warps=4 stages=3  0.0605 ms
  BM= 64 BN= 64 warps=8 stages=2  0.0614 ms
  BM= 64 BN=128 warps=4 stages=2  0.0606 ms
  BM= 64 BN=128 warps=8 stages=2  0.0610 ms
  BM=128 BN= 32 warps=4 stages=4  0.0614 ms
  BM=128 BN= 32 warps=8 stages=3  0.0618 ms
  BM=128 BN= 64 warps=4 stages=3  0.0623 ms
  BM=128 BN= 64 warps=8 stages=2  0.0614 ms
  BM=128 BN=128 warps=4 stages=2  0.0611 ms
  BM=128 BN=128 warps=8 stages=2  0.0612 ms
  BM=256 BN= 32 warps=8 stages=2  0.0614 ms
  BM=256 BN= 64 warps=8 stages=2  0.0614 ms
  BM=256 BN= 64 warps=4 stages=2  0.0615 ms

=== causal_alibi   N=1024 ===
  BM= 64 BN= 32 warps=4 stages=3  0.0892 ms *
  BM= 64 BN= 32 warps=4 stages=4  0.0891 ms *
  BM= 64 BN= 64 warps=4 stages=3  0.0891 ms *
  BM= 64 BN= 64 warps=8 stages=2  0.0892 ms
  BM= 64 BN=128 warps=4 stages=2  0.0891 ms
  BM= 64 BN=128 warps=8 stages=2  0.0891 ms
  BM=128 BN= 32 warps=4 stages=4  0.0891 ms *
  BM=128 BN= 32 warps=8 stages=3  0.0891 ms
  BM=128 BN= 64 warps=4 stages=3  0.0892 ms
  BM=128 BN= 64 warps=8 stages=2  0.0891 ms
  BM=128 BN=128 warps=4 stages=2  0.0890 ms *
  BM=128 BN=128 warps=8 stages=2  0.0891 ms
  BM=256 BN= 32 warps=8 stages=2  0.0891 ms
  BM=256 BN= 64 warps=8 stages=2  0.0891 ms
  BM=256 BN= 64 warps=4 stages=2  0.0891 ms

=== causal_alibi   N=2048 ===
  BM= 64 BN= 32 warps=4 stages=3  0.2569 ms *
  BM= 64 BN= 32 warps=4 stages=4  0.2571 ms
  BM= 64 BN= 64 warps=4 stages=3  0.2561 ms *
  BM= 64 BN= 64 warps=8 stages=2  0.2570 ms
  BM= 64 BN=128 warps=4 stages=2  0.2552 ms *
  BM= 64 BN=128 warps=8 stages=2  0.2561 ms
  BM=128 BN= 32 warps=4 stages=4  0.2559 ms
  BM=128 BN= 32 warps=8 stages=3  0.2566 ms
  BM=128 BN= 64 warps=4 stages=3  0.2577 ms
  BM=128 BN= 64 warps=8 stages=2  0.2572 ms
  BM=128 BN=128 warps=4 stages=2  0.2568 ms
  BM=128 BN=128 warps=8 stages=2  0.2564 ms
  BM=256 BN= 32 warps=8 stages=2  0.2566 ms
  BM=256 BN= 64 warps=8 stages=2  0.2560 ms
  BM=256 BN= 64 warps=4 stages=2  0.2557 ms

=== causal_alibi   N=4096 ===
  BM= 64 BN= 32 warps=4 stages=3  0.8290 ms *
  BM= 64 BN= 32 warps=4 stages=4  0.8256 ms *
  BM= 64 BN= 64 warps=4 stages=3  0.8240 ms *
  BM= 64 BN= 64 warps=8 stages=2  0.8270 ms
  BM= 64 BN=128 warps=4 stages=2  0.8243 ms
  BM= 64 BN=128 warps=8 stages=2  0.8256 ms
  BM=128 BN= 32 warps=4 stages=4  0.8256 ms
  BM=128 BN= 32 warps=8 stages=3  0.8260 ms
  BM=128 BN= 64 warps=4 stages=3  0.8257 ms
  BM=128 BN= 64 warps=8 stages=2  0.8246 ms
  BM=128 BN=128 warps=4 stages=2  0.8256 ms
  BM=128 BN=128 warps=8 stages=2  0.8238 ms *
  BM=256 BN= 32 warps=8 stages=2  0.8269 ms
  BM=256 BN= 64 warps=8 stages=2  0.8251 ms
  BM=256 BN= 64 warps=4 stages=2  0.8222 ms *

======================================================================
Variant            N   BM   BN  warps  stages          ms
----------------------------------------------------------------------
causal           512  256   32      8       2     0.0594
causal          1024   64   64      4       3     0.0844
causal          2048  256   64      4       2     0.2419
causal          4096  256   64      4       2     0.7781
causal_alibi     512   64   32      4       4     0.0598
causal_alibi    1024  128  128      4       2     0.0890
causal_alibi    2048   64  128      4       2     0.2552
causal_alibi    4096  256   64      4       2     0.8222
dense            512   64   64      8       2     0.0589
dense           1024   64  128      4       2     0.0644
dense           2048  128  128      4       2     0.2375
dense           4096   64   32      4       3     0.9014
sw_w256          512   64   32      4       4     0.0591
sw_w256         1024  128   32      8       3     0.0736
sw_w256         2048   64  128      8       2     0.1238
sw_w256         4096   64   64      4       3     0.2411

[ok] wrote results/h100_2026-05-29/config_sweep.csv
==[done   config_sweep  @ 0:10.72 elapsed]==
# Config sweep  device=NVIDIA H100 NVL
# torch=2.5.1+cu121  2026-05-29 21:10:45

=== dense          N=512 ===
  BM= 64 BN= 32 warps=4 stages=3  0.0627 ms *
  BM= 64 BN= 32 warps=4 stages=4  0.0602 ms *
  BM= 64 BN= 64 warps=4 stages=3  0.0598 ms *
  BM= 64 BN= 64 warps=8 stages=2  0.0597 ms *
  BM= 64 BN=128 warps=4 stages=2  0.0593 ms *
  BM= 64 BN=128 warps=8 stages=2  0.0607 ms
  BM=128 BN= 32 warps=4 stages=4  0.0596 ms
  BM=128 BN= 32 warps=8 stages=3  0.0591 ms *
  BM=128 BN= 64 warps=4 stages=3  0.0599 ms
  BM=128 BN= 64 warps=8 stages=2  0.0595 ms
  BM=128 BN=128 warps=4 stages=2  0.0596 ms
  BM=128 BN=128 warps=8 stages=2  0.0597 ms
  BM=256 BN= 32 warps=8 stages=2  0.0600 ms
  BM=256 BN= 64 warps=8 stages=2  0.0596 ms
  BM=256 BN= 64 warps=4 stages=2  0.0598 ms

=== dense          N=1024 ===
  BM= 64 BN= 32 warps=4 stages=3  0.0596 ms *
  BM= 64 BN= 32 warps=4 stages=4  0.0597 ms
  BM= 64 BN= 64 warps=4 stages=3  0.0599 ms
  BM= 64 BN= 64 warps=8 stages=2  0.0593 ms *
  BM= 64 BN=128 warps=4 stages=2  0.0604 ms
  BM= 64 BN=128 warps=8 stages=2  0.0602 ms
  BM=128 BN= 32 warps=4 stages=4  0.0601 ms
  BM=128 BN= 32 warps=8 stages=3  0.0604 ms
  BM=128 BN= 64 warps=4 stages=3  0.0600 ms
  BM=128 BN= 64 warps=8 stages=2  0.0596 ms
  BM=128 BN=128 warps=4 stages=2  0.0599 ms
  BM=128 BN=128 warps=8 stages=2  0.0591 ms *
  BM=256 BN= 32 warps=8 stages=2  0.0587 ms *
  BM=256 BN= 64 warps=8 stages=2  0.0593 ms
  BM=256 BN= 64 warps=4 stages=2  0.0598 ms

=== dense          N=2048 ===
  BM= 64 BN= 32 warps=4 stages=3  0.2093 ms *
  BM= 64 BN= 32 warps=4 stages=4  0.2092 ms *
  BM= 64 BN= 64 warps=4 stages=3  0.2094 ms
  BM= 64 BN= 64 warps=8 stages=2  0.2094 ms
  BM= 64 BN=128 warps=4 stages=2  0.2094 ms
  BM= 64 BN=128 warps=8 stages=2  0.2094 ms
  BM=128 BN= 32 warps=4 stages=4  0.2094 ms
  BM=128 BN= 32 warps=8 stages=3  0.2094 ms
  BM=128 BN= 64 warps=4 stages=3  0.2094 ms
  BM=128 BN= 64 warps=8 stages=2  0.2094 ms
  BM=128 BN=128 warps=4 stages=2  0.2095 ms
  BM=128 BN=128 warps=8 stages=2  0.2094 ms
  BM=256 BN= 32 warps=8 stages=2  0.2094 ms
  BM=256 BN= 64 warps=8 stages=2  0.2094 ms
  BM=256 BN= 64 warps=4 stages=2  0.2094 ms

=== dense          N=4096 ===
  BM= 64 BN= 32 warps=4 stages=3  0.8001 ms *
  BM= 64 BN= 32 warps=4 stages=4  0.8072 ms
  BM= 64 BN= 64 warps=4 stages=3  0.8270 ms
  BM= 64 BN= 64 warps=8 stages=2  0.8333 ms
  BM= 64 BN=128 warps=4 stages=2  0.8248 ms
  BM= 64 BN=128 warps=8 stages=2  0.8220 ms
  BM=128 BN= 32 warps=4 stages=4  0.8377 ms
  BM=128 BN= 32 warps=8 stages=3  0.8270 ms
  BM=128 BN= 64 warps=4 stages=3  0.8249 ms
  BM=128 BN= 64 warps=8 stages=2  0.8338 ms
  BM=128 BN=128 warps=4 stages=2  0.8380 ms
  BM=128 BN=128 warps=8 stages=2  0.8111 ms
  BM=256 BN= 32 warps=8 stages=2  0.8247 ms
  BM=256 BN= 64 warps=8 stages=2  0.8190 ms
  BM=256 BN= 64 warps=4 stages=2  0.8343 ms

=== causal         N=512 ===
  BM= 64 BN= 32 warps=4 stages=3  0.0703 ms *
  BM= 64 BN= 32 warps=4 stages=4  0.0703 ms
  BM= 64 BN= 64 warps=4 stages=3  0.0698 ms *
  BM= 64 BN= 64 warps=8 stages=2  0.0698 ms
  BM= 64 BN=128 warps=4 stages=2  0.0698 ms
  BM= 64 BN=128 warps=8 stages=2  0.0698 ms *
  BM=128 BN= 32 warps=4 stages=4  0.0698 ms
  BM=128 BN= 32 warps=8 stages=3  0.0699 ms
  BM=128 BN= 64 warps=4 stages=3  0.0698 ms
  BM=128 BN= 64 warps=8 stages=2  0.0698 ms *
  BM=128 BN=128 warps=4 stages=2  0.0698 ms
  BM=128 BN=128 warps=8 stages=2  0.0698 ms
  BM=256 BN= 32 warps=8 stages=2  0.0698 ms
  BM=256 BN= 64 warps=8 stages=2  0.0699 ms
  BM=256 BN= 64 warps=4 stages=2  0.0698 ms

=== causal         N=1024 ===
  BM= 64 BN= 32 warps=4 stages=3  0.1472 ms *
  BM= 64 BN= 32 warps=4 stages=4  0.1472 ms *
  BM= 64 BN= 64 warps=4 stages=3  0.1475 ms
  BM= 64 BN= 64 warps=8 stages=2  0.1479 ms
  BM= 64 BN=128 warps=4 stages=2  0.1479 ms
  BM= 64 BN=128 warps=8 stages=2  0.1479 ms
  BM=128 BN= 32 warps=4 stages=4  0.1479 ms
  BM=128 BN= 32 warps=8 stages=3  0.1476 ms
  BM=128 BN= 64 warps=4 stages=3  0.1477 ms
  BM=128 BN= 64 warps=8 stages=2  0.1478 ms
  BM=128 BN=128 warps=4 stages=2  0.1478 ms
  BM=128 BN=128 warps=8 stages=2  0.1479 ms
  BM=256 BN= 32 warps=8 stages=2  0.1479 ms
  BM=256 BN= 64 warps=8 stages=2  0.1477 ms
  BM=256 BN= 64 warps=4 stages=2  0.1478 ms

=== causal         N=2048 ===
  BM= 64 BN= 32 warps=4 stages=3  0.4355 ms *
  BM= 64 BN= 32 warps=4 stages=4  0.4357 ms
  BM= 64 BN= 64 warps=4 stages=3  0.4354 ms *
  BM= 64 BN= 64 warps=8 stages=2  0.4356 ms
  BM= 64 BN=128 warps=4 stages=2  0.4355 ms
  BM= 64 BN=128 warps=8 stages=2  0.4351 ms *
  BM=128 BN= 32 warps=4 stages=4  0.4355 ms
  BM=128 BN= 32 warps=8 stages=3  0.4352 ms
  BM=128 BN= 64 warps=4 stages=3  0.4359 ms
  BM=128 BN= 64 warps=8 stages=2  0.4368 ms
  BM=128 BN=128 warps=4 stages=2  0.4366 ms
  BM=128 BN=128 warps=8 stages=2  0.4364 ms
  BM=256 BN= 32 warps=8 stages=2  0.4368 ms
  BM=256 BN= 64 warps=8 stages=2  0.4366 ms
  BM=256 BN= 64 warps=4 stages=2  0.4370 ms

=== causal         N=4096 ===
  BM= 64 BN= 32 warps=4 stages=3  1.2151 ms *
  BM= 64 BN= 32 warps=4 stages=4  1.2131 ms *
  BM= 64 BN= 64 warps=4 stages=3  1.2130 ms *
  BM= 64 BN= 64 warps=8 stages=2  1.2111 ms *
  BM= 64 BN=128 warps=4 stages=2  1.2101 ms *
  BM= 64 BN=128 warps=8 stages=2  1.2119 ms
  BM=128 BN= 32 warps=4 stages=4  1.2121 ms
  BM=128 BN= 32 warps=8 stages=3  1.2123 ms
  BM=128 BN= 64 warps=4 stages=3  1.2116 ms
  BM=128 BN= 64 warps=8 stages=2  1.2140 ms
  BM=128 BN=128 warps=4 stages=2  1.2131 ms
  BM=128 BN=128 warps=8 stages=2  1.2138 ms
  BM=256 BN= 32 warps=8 stages=2  1.2117 ms
  BM=256 BN= 64 warps=8 stages=2  1.2124 ms
  BM=256 BN= 64 warps=4 stages=2  1.2136 ms

=== sw_w256        N=512 ===
  BM= 64 BN= 32 warps=4 stages=3  0.0605 ms *
  BM= 64 BN= 32 warps=4 stages=4  0.0603 ms *
  BM= 64 BN= 64 warps=4 stages=3  0.0603 ms *
  BM= 64 BN= 64 warps=8 stages=2  0.0607 ms
  BM= 64 BN=128 warps=4 stages=2  0.0605 ms
  BM= 64 BN=128 warps=8 stages=2  0.0605 ms
  BM=128 BN= 32 warps=4 stages=4  0.0609 ms
  BM=128 BN= 32 warps=8 stages=3  0.0605 ms
  BM=128 BN= 64 warps=4 stages=3  0.0607 ms
  BM=128 BN= 64 warps=8 stages=2  0.0605 ms
  BM=128 BN=128 warps=4 stages=2  0.0605 ms
  BM=128 BN=128 warps=8 stages=2  0.0606 ms
  BM=256 BN= 32 warps=8 stages=2  0.0606 ms
  BM=256 BN= 64 warps=8 stages=2  0.0607 ms
  BM=256 BN= 64 warps=4 stages=2  0.0605 ms

=== sw_w256        N=1024 ===
  BM= 64 BN= 32 warps=4 stages=3  0.1007 ms *
  BM= 64 BN= 32 warps=4 stages=4  0.1006 ms *
  BM= 64 BN= 64 warps=4 stages=3  0.1007 ms
  BM= 64 BN= 64 warps=8 stages=2  0.1007 ms
  BM= 64 BN=128 warps=4 stages=2  0.1007 ms
  BM= 64 BN=128 warps=8 stages=2  0.1007 ms
  BM=128 BN= 32 warps=4 stages=4  0.1007 ms
  BM=128 BN= 32 warps=8 stages=3  0.1006 ms
  BM=128 BN= 64 warps=4 stages=3  0.1006 ms
  BM=128 BN= 64 warps=8 stages=2  0.1007 ms
  BM=128 BN=128 warps=4 stages=2  0.1006 ms *
  BM=128 BN=128 warps=8 stages=2  0.1006 ms
  BM=256 BN= 32 warps=8 stages=2  0.1007 ms
  BM=256 BN= 64 warps=8 stages=2  0.1007 ms
  BM=256 BN= 64 warps=4 stages=2  0.1006 ms

=== sw_w256        N=2048 ===
  BM= 64 BN= 32 warps=4 stages=3  0.2076 ms *
  BM= 64 BN= 32 warps=4 stages=4  0.2076 ms
  BM= 64 BN= 64 warps=4 stages=3  0.2075 ms *
  BM= 64 BN= 64 warps=8 stages=2  0.2078 ms
  BM= 64 BN=128 warps=4 stages=2  0.2076 ms
  BM= 64 BN=128 warps=8 stages=2  0.2076 ms
  BM=128 BN= 32 warps=4 stages=4  0.2075 ms
  BM=128 BN= 32 warps=8 stages=3  0.2078 ms
  BM=128 BN= 64 warps=4 stages=3  0.2080 ms
  BM=128 BN= 64 warps=8 stages=2  0.2076 ms
  BM=128 BN=128 warps=4 stages=2  0.2078 ms
  BM=128 BN=128 warps=8 stages=2  0.2079 ms
  BM=256 BN= 32 warps=8 stages=2  0.2075 ms *
  BM=256 BN= 64 warps=8 stages=2  0.2075 ms
  BM=256 BN= 64 warps=4 stages=2  0.2075 ms

=== sw_w256        N=4096 ===
  BM= 64 BN= 32 warps=4 stages=3  0.3142 ms *
  BM= 64 BN= 32 warps=4 stages=4  0.3143 ms
  BM= 64 BN= 64 warps=4 stages=3  0.3142 ms *
  BM= 64 BN= 64 warps=8 stages=2  0.3142 ms
  BM= 64 BN=128 warps=4 stages=2  0.3144 ms
  BM= 64 BN=128 warps=8 stages=2  0.3141 ms *
  BM=128 BN= 32 warps=4 stages=4  0.3137 ms *
  BM=128 BN= 32 warps=8 stages=3  0.3142 ms
  BM=128 BN= 64 warps=4 stages=3  0.3140 ms
  BM=128 BN= 64 warps=8 stages=2  0.3137 ms
  BM=128 BN=128 warps=4 stages=2  0.3141 ms
  BM=128 BN=128 warps=8 stages=2  0.3140 ms
  BM=256 BN= 32 warps=8 stages=2  0.3141 ms
  BM=256 BN= 64 warps=8 stages=2  0.3142 ms
  BM=256 BN= 64 warps=4 stages=2  0.3140 ms

=== causal_alibi   N=512 ===
  BM= 64 BN= 32 warps=4 stages=3  0.0706 ms *
  BM= 64 BN= 32 warps=4 stages=4  0.0707 ms
  BM= 64 BN= 64 warps=4 stages=3  0.0707 ms
  BM= 64 BN= 64 warps=8 stages=2  0.0707 ms
  BM= 64 BN=128 warps=4 stages=2  0.0706 ms
  BM= 64 BN=128 warps=8 stages=2  0.0706 ms
  BM=128 BN= 32 warps=4 stages=4  0.0706 ms
  BM=128 BN= 32 warps=8 stages=3  0.0707 ms
  BM=128 BN= 64 warps=4 stages=3  0.0707 ms
  BM=128 BN= 64 warps=8 stages=2  0.0707 ms
  BM=128 BN=128 warps=4 stages=2  0.0707 ms
  BM=128 BN=128 warps=8 stages=2  0.0707 ms
  BM=256 BN= 32 warps=8 stages=2  0.0706 ms *
  BM=256 BN= 64 warps=8 stages=2  0.0706 ms
  BM=256 BN= 64 warps=4 stages=2  0.0706 ms

=== causal_alibi   N=1024 ===
  BM= 64 BN= 32 warps=4 stages=3  0.1475 ms *
  BM= 64 BN= 32 warps=4 stages=4  0.1475 ms
  BM= 64 BN= 64 warps=4 stages=3  0.1475 ms
  BM= 64 BN= 64 warps=8 stages=2  0.1475 ms *
  BM= 64 BN=128 warps=4 stages=2  0.1474 ms *
  BM= 64 BN=128 warps=8 stages=2  0.1475 ms
  BM=128 BN= 32 warps=4 stages=4  0.1474 ms *
  BM=128 BN= 32 warps=8 stages=3  0.1473 ms *
  BM=128 BN= 64 warps=4 stages=3  0.1474 ms
  BM=128 BN= 64 warps=8 stages=2  0.1475 ms
  BM=128 BN=128 warps=4 stages=2  0.1475 ms
  BM=128 BN=128 warps=8 stages=2  0.1475 ms
  BM=256 BN= 32 warps=8 stages=2  0.1474 ms
  BM=256 BN= 64 warps=8 stages=2  0.1474 ms
  BM=256 BN= 64 warps=4 stages=2  0.1475 ms

=== causal_alibi   N=2048 ===
  BM= 64 BN= 32 warps=4 stages=3  0.4146 ms *
  BM= 64 BN= 32 warps=4 stages=4  0.4161 ms
  BM= 64 BN= 64 warps=4 stages=3  0.4158 ms
  BM= 64 BN= 64 warps=8 stages=2  0.4156 ms
  BM= 64 BN=128 warps=4 stages=2  0.4158 ms
  BM= 64 BN=128 warps=8 stages=2  0.4157 ms
  BM=128 BN= 32 warps=4 stages=4  0.4149 ms
  BM=128 BN= 32 warps=8 stages=3  0.4151 ms
  BM=128 BN= 64 warps=4 stages=3  0.4158 ms
  BM=128 BN= 64 warps=8 stages=2  0.4152 ms
  BM=128 BN=128 warps=4 stages=2  0.4167 ms
  BM=128 BN=128 warps=8 stages=2  0.4167 ms
  BM=256 BN= 32 warps=8 stages=2  0.4160 ms
  BM=256 BN= 64 warps=8 stages=2  0.4174 ms
  BM=256 BN= 64 warps=4 stages=2  0.4167 ms

=== causal_alibi   N=4096 ===
  BM= 64 BN= 32 warps=4 stages=3  1.1852 ms *
  BM= 64 BN= 32 warps=4 stages=4  1.1762 ms *
  BM= 64 BN= 64 warps=4 stages=3  1.1693 ms *
  BM= 64 BN= 64 warps=8 stages=2  1.1743 ms
  BM= 64 BN=128 warps=4 stages=2  1.1804 ms
  BM= 64 BN=128 warps=8 stages=2  1.1777 ms
  BM=128 BN= 32 warps=4 stages=4  1.1745 ms
  BM=128 BN= 32 warps=8 stages=3  1.1721 ms
  BM=128 BN= 64 warps=4 stages=3  1.1773 ms
  BM=128 BN= 64 warps=8 stages=2  1.1731 ms
  BM=128 BN=128 warps=4 stages=2  1.1738 ms
  BM=128 BN=128 warps=8 stages=2  1.1756 ms
  BM=256 BN= 32 warps=8 stages=2  1.1750 ms
  BM=256 BN= 64 warps=8 stages=2  1.1811 ms
  BM=256 BN= 64 warps=4 stages=2  1.1746 ms

======================================================================
Variant            N   BM   BN  warps  stages          ms
----------------------------------------------------------------------
causal           512  128   64      8       2     0.0698
causal          1024   64   32      4       4     0.1472
causal          2048   64  128      8       2     0.4351
causal          4096   64  128      4       2     1.2101
causal_alibi     512  256   32      8       2     0.0706
causal_alibi    1024  128   32      8       3     0.1473
causal_alibi    2048   64   32      4       3     0.4146
causal_alibi    4096   64   64      4       3     1.1693
dense            512  128   32      8       3     0.0591
dense           1024  256   32      8       2     0.0587
dense           2048   64   32      4       4     0.2092
dense           4096   64   32      4       3     0.8001
sw_w256          512   64   64      4       3     0.0603
sw_w256         1024  128  128      4       2     0.1006
sw_w256         2048  256   32      8       2     0.2075
sw_w256         4096  128   32      4       4     0.3137

[ok] wrote results/h100_2026-05-29/config_sweep.csv
==[done   config_sweep  @ 0:11.99 elapsed]==
