# Roofline runner  device=NVIDIA H100 NVL
# 2026-05-29 20:35:58
# NOTE: hbm_gbs/tc_pct are analytical estimates (no Nsight Compute available)
dense  512  0.0621  51.90  36.6  202.7  21.7
causal  512  0.0603  53.46  37.6  208.8  22.3
sw_w256  512  0.0599  53.74  37.8  209.9  22.4
causal_alibi  512  0.0602  53.47  37.7  208.9  22.3
dense  1024  0.0645  199.73  140.7  390.1  41.7
causal  1024  0.0848  151.89  107.0  296.7  31.7
sw_w256  1024  0.0738  87.31  61.5  255.8  27.3
causal_alibi  1024  0.0892  144.42  101.7  282.1  30.1
dense  2048  0.2378  216.71  152.6  211.6  22.6
causal  2048  0.2444  210.88  148.5  205.9  22.0
sw_w256  2048  0.1248  103.24  72.7  252.1  26.9
causal_alibi  2048  0.2586  199.30  140.3  194.6  20.8
dense  4096  0.9457  217.99  153.5  106.4  11.4
causal  4096  0.7910  260.63  183.5  127.3  13.6
sw_w256  4096  0.2423  106.36  74.9  233.7  25.0
causal_alibi  4096  0.8322  247.72  174.5  121.0  12.9

[ok] wrote results/h100_2026-05-29/roofline.csv
==[done   roofline  @ 0:02.28 elapsed]==
# Roofline runner  device=NVIDIA H100 NVL
# 2026-05-29 21:10:43
# NOTE: hbm_gbs/tc_pct are analytical estimates (no Nsight Compute available)
dense  512  0.0601  53.57  37.7  209.3  22.4
causal  512  0.0694  46.40  32.7  181.2  19.4
sw_w256  512  0.0607  53.09  37.4  207.4  22.2
causal_alibi  512  0.0707  45.56  32.1  178.0  19.0
dense  1024  0.0587  219.55  154.6  428.8  45.8
causal  1024  0.1482  86.93  61.2  169.8  18.1
sw_w256  1024  0.1008  63.89  45.0  187.2  20.0
causal_alibi  1024  0.1475  87.34  61.5  170.6  18.2
dense  2048  0.2097  245.78  173.1  240.0  25.6
causal  2048  0.4407  116.95  82.4  114.2  12.2
sw_w256  2048  0.2100  61.35  43.2  149.8  16.0
causal_alibi  2048  0.4194  122.88  86.5  120.0  12.8
dense  4096  0.8729  236.17  166.3  115.3  12.3
causal  4096  1.2333  167.16  117.7  81.6  8.7
sw_w256  4096  0.3165  81.42  57.3  178.9  19.1
causal_alibi  4096  1.1846  174.03  122.6  85.0  9.1

[ok] wrote results/h100_2026-05-29/roofline.csv
==[done   roofline  @ 0:02.45 elapsed]==
