# Roofline runner  device=NVIDIA H100 NVL
# 2026-05-29 20:35:58
# NOTE: hbm_gbs/tc_pct are analytical estimates (no Nsight Compute available)
dense  512  0.0621  51.90  36.6  202.7  21.7
causal  512  0.0603  53.46  37.6  208.8  22.3
sw_w256  512  0.0599  53.74  37.8  209.9  22.4
causal_alibi  512  0.0602  53.47  37.7  208.9  22.3
dense  1024  0.0645  199.73  140.7  390.1  41.7
causal  1024  0.0848  151.89  107.0  296.7  31.7
sw_w256  1024  0.0738  87.31  61.5  255.8  27.3
causal_alibi  1024  0.0892  144.42  101.7  282.1  30.1
dense  2048  0.2378  216.71  152.6  211.6  22.6
causal  2048  0.2444  210.88  148.5  205.9  22.0
sw_w256  2048  0.1248  103.24  72.7  252.1  26.9
causal_alibi  2048  0.2586  199.30  140.3  194.6  20.8
dense  4096  0.9457  217.99  153.5  106.4  11.4
causal  4096  0.7910  260.63  183.5  127.3  13.6
sw_w256  4096  0.2423  106.36  74.9  233.7  25.0
causal_alibi  4096  0.8322  247.72  174.5  121.0  12.9

[ok] wrote results/h100_2026-05-29/roofline.csv
==[done   roofline  @ 0:02.28 elapsed]==
