# Roofline runner  device=NVIDIA GeForce RTX 3090
# 2026-05-23 01:11:15
# NOTE: hbm_gbs/tc_pct are analytical estimates (no Nsight Compute available)
dense  512  0.0963  33.47  23.6  130.7  14.0
causal  512  0.0942  34.19  24.1  133.6  14.3
sw_w256  512  0.1044  30.84  21.7  120.5  12.9
causal_alibi  512  0.0901  35.75  25.2  139.6  14.9
dense  1024  0.2765  46.60  32.8  91.0  9.7
causal  1024  0.2058  62.60  44.1  122.3  13.1
sw_w256  1024  0.1956  32.94  23.2  96.5  10.3
causal_alibi  1024  0.2161  59.63  42.0  116.5  12.4
dense  2048  0.9411  54.77  38.6  53.5  5.7
causal  2048  0.5683  90.69  63.9  88.6  9.5
sw_w256  2048  0.3502  36.79  25.9  89.8  9.6
causal_alibi  2048  0.6159  83.68  58.9  81.7  8.7
dense  4096  3.5379  58.27  41.0  28.5  3.0
causal  4096  1.9958  103.30  72.7  50.4  5.4
sw_w256  4096  0.7250  35.54  25.0  78.1  8.3
causal_alibi  4096  2.1048  97.95  69.0  47.8  5.1

[ok] wrote results/e2e_2026-05-22/roofline.csv
==[done  roofline @ 0:04.29 elapsed]==
